<?xml version="1.0" encoding="UTF-8"?>
<!-- Generated by org.testng.reporters.JUnitReportReporter -->
<testsuite skipped="0" hostname="DESKTOP-9R8S1OK" name="Script.Test1" tests="1" failures="0" timestamp="22 May 2018 15:02:25 GMT" time="68.530" errors="0">
  <testcase name="InstaLogin" time="68.530" classname="Script.Test1"/>
</testsuite> <!-- Script.Test1 -->
